[2019-08-26 17:02:23.239] [exthost] [info] extension host started
[2019-08-26 17:02:23.260] [exthost] [info] ExtensionService#_doActivateExtension vscode.debug-auto-launch {"startup":true,"activationEvent":"*"}
[2019-08-26 17:02:23.260] [exthost] [info] ExtensionService#loadCommonJSModule /snap/code/13/usr/share/code/resources/app/extensions/debug-auto-launch/dist/extension
[2019-08-26 17:02:23.263] [exthost] [info] ExtensionService#_doActivateExtension vscode.emmet {"startup":true,"activationEvent":"*"}
[2019-08-26 17:02:23.263] [exthost] [info] ExtensionService#loadCommonJSModule /snap/code/13/usr/share/code/resources/app/extensions/emmet/dist/extension
[2019-08-26 17:02:23.299] [exthost] [info] ExtensionService#_doActivateExtension vscode.git {"startup":true,"activationEvent":"*"}
[2019-08-26 17:02:23.299] [exthost] [info] ExtensionService#loadCommonJSModule /snap/code/13/usr/share/code/resources/app/extensions/git/dist/main
[2019-08-26 17:02:23.375] [exthost] [info] ExtensionService#_doActivateExtension vscode.merge-conflict {"startup":true,"activationEvent":"*"}
[2019-08-26 17:02:23.375] [exthost] [info] ExtensionService#loadCommonJSModule /snap/code/13/usr/share/code/resources/app/extensions/merge-conflict/dist/extension
[2019-08-26 17:02:23.379] [exthost] [info] ExtensionService#_doActivateExtension HookyQR.beautify {"startup":true,"activationEvent":"*"}
[2019-08-26 17:02:23.379] [exthost] [info] ExtensionService#loadCommonJSModule /home/antony/.vscode/extensions/hookyqr.beautify-1.5.0/extension
[2019-08-26 17:02:23.412] [exthost] [info] eager extensions activated
[2019-08-26 17:02:39.377] [exthost] [info] extension host started
[2019-08-26 17:02:39.383] [exthost] [info] ExtensionService#_doActivateExtension vscode.debug-auto-launch {"startup":true,"activationEvent":"*"}
[2019-08-26 17:02:39.383] [exthost] [info] ExtensionService#loadCommonJSModule /snap/code/13/usr/share/code/resources/app/extensions/debug-auto-launch/dist/extension
[2019-08-26 17:02:39.385] [exthost] [info] ExtensionService#_doActivateExtension vscode.emmet {"startup":true,"activationEvent":"*"}
[2019-08-26 17:02:39.385] [exthost] [info] ExtensionService#loadCommonJSModule /snap/code/13/usr/share/code/resources/app/extensions/emmet/dist/extension
[2019-08-26 17:02:39.422] [exthost] [info] ExtensionService#_doActivateExtension vscode.git {"startup":true,"activationEvent":"*"}
[2019-08-26 17:02:39.422] [exthost] [info] ExtensionService#loadCommonJSModule /snap/code/13/usr/share/code/resources/app/extensions/git/dist/main
[2019-08-26 17:02:39.497] [exthost] [info] ExtensionService#_doActivateExtension vscode.merge-conflict {"startup":true,"activationEvent":"*"}
[2019-08-26 17:02:39.497] [exthost] [info] ExtensionService#loadCommonJSModule /snap/code/13/usr/share/code/resources/app/extensions/merge-conflict/dist/extension
[2019-08-26 17:02:39.501] [exthost] [info] ExtensionService#_doActivateExtension HookyQR.beautify {"startup":true,"activationEvent":"*"}
[2019-08-26 17:02:39.501] [exthost] [info] ExtensionService#loadCommonJSModule /home/antony/.vscode/extensions/hookyqr.beautify-1.5.0/extension
[2019-08-26 17:02:39.536] [exthost] [info] eager extensions activated
[2019-08-26 17:02:40.556] [exthost] [info] ExtensionService#_doActivateExtension vscode.html-language-features {"startup":false,"activationEvent":"onLanguage:html"}
[2019-08-26 17:02:40.556] [exthost] [info] ExtensionService#loadCommonJSModule /snap/code/13/usr/share/code/resources/app/extensions/html-language-features/client/dist/htmlMain
[2019-08-26 17:06:15.976] [exthost] [info] ExtensionService#_doActivateExtension vscode.typescript-language-features {"startup":false,"activationEvent":"onLanguage:javascript"}
[2019-08-26 17:06:15.976] [exthost] [info] ExtensionService#loadCommonJSModule /snap/code/13/usr/share/code/resources/app/extensions/typescript-language-features/dist/extension
[2019-08-26 17:06:23.662] [exthost] [info] ExtensionService#_doActivateExtension vscode.css-language-features {"startup":false,"activationEvent":"onLanguage:css"}
[2019-08-26 17:06:23.662] [exthost] [info] ExtensionService#loadCommonJSModule /snap/code/13/usr/share/code/resources/app/extensions/css-language-features/client/dist/cssMain
[2019-08-26 17:10:28.602] [exthost] [info] ExtensionService#_doActivateExtension vscode.extension-editing {"startup":false,"activationEvent":"onLanguage:typescript"}
[2019-08-26 17:10:28.602] [exthost] [info] ExtensionService#loadCommonJSModule /snap/code/13/usr/share/code/resources/app/extensions/extension-editing/dist/extension
[2019-08-26 17:13:44.412] [exthost] [error] [vscode.html-language-features] provider FAILED
[2019-08-26 17:13:44.414] [exthost] [error] TypeError: Cannot read property 'kind' of undefined
	at /snap/code/13/usr/share/code/resources/app/extensions/html-language-features/client/dist/htmlMain.js:1:186588
	at asHover (/snap/code/13/usr/share/code/resources/app/extensions/html-language-features/client/dist/htmlMain.js:1:186852)
[2019-08-26 17:14:20.026] [exthost] [error] [vscode.html-language-features] provider FAILED
[2019-08-26 17:14:20.026] [exthost] [error] TypeError: Cannot read property 'kind' of undefined
	at /snap/code/13/usr/share/code/resources/app/extensions/html-language-features/client/dist/htmlMain.js:1:186588
	at asHover (/snap/code/13/usr/share/code/resources/app/extensions/html-language-features/client/dist/htmlMain.js:1:186852)
