[2019-08-29 08:49:43.730] [exthost] [info] extension host started
[2019-08-29 08:49:43.730] [exthost] [info] ExtensionService#_doActivateExtension vscode.debug-auto-launch {"startup":true,"activationEvent":"*"}
[2019-08-29 08:49:43.730] [exthost] [info] ExtensionService#loadCommonJSModule /snap/code/13/usr/share/code/resources/app/extensions/debug-auto-launch/dist/extension
[2019-08-29 08:49:43.730] [exthost] [info] ExtensionService#_doActivateExtension vscode.emmet {"startup":true,"activationEvent":"*"}
[2019-08-29 08:49:43.730] [exthost] [info] ExtensionService#loadCommonJSModule /snap/code/13/usr/share/code/resources/app/extensions/emmet/dist/extension
[2019-08-29 08:49:43.730] [exthost] [info] ExtensionService#_doActivateExtension vscode.git {"startup":true,"activationEvent":"*"}
[2019-08-29 08:49:43.730] [exthost] [info] ExtensionService#loadCommonJSModule /snap/code/13/usr/share/code/resources/app/extensions/git/dist/main
[2019-08-29 08:49:43.730] [exthost] [info] ExtensionService#_doActivateExtension vscode.merge-conflict {"startup":true,"activationEvent":"*"}
[2019-08-29 08:49:43.730] [exthost] [info] ExtensionService#loadCommonJSModule /snap/code/13/usr/share/code/resources/app/extensions/merge-conflict/dist/extension
[2019-08-29 08:49:43.730] [exthost] [info] ExtensionService#_doActivateExtension HookyQR.beautify {"startup":true,"activationEvent":"*"}
[2019-08-29 08:49:43.730] [exthost] [info] ExtensionService#loadCommonJSModule /home/antony/.vscode/extensions/hookyqr.beautify-1.5.0/extension
[2019-08-29 08:49:43.730] [exthost] [info] eager extensions activated
[2019-08-29 08:50:12.810] [exthost] [info] extension host started
[2019-08-29 08:50:12.852] [exthost] [info] ExtensionService#_doActivateExtension vscode.debug-auto-launch {"startup":true,"activationEvent":"*"}
[2019-08-29 08:50:12.852] [exthost] [info] ExtensionService#loadCommonJSModule /snap/code/13/usr/share/code/resources/app/extensions/debug-auto-launch/dist/extension
[2019-08-29 08:50:12.861] [exthost] [info] ExtensionService#_doActivateExtension vscode.emmet {"startup":true,"activationEvent":"*"}
[2019-08-29 08:50:12.861] [exthost] [info] ExtensionService#loadCommonJSModule /snap/code/13/usr/share/code/resources/app/extensions/emmet/dist/extension
[2019-08-29 08:50:12.956] [exthost] [info] ExtensionService#_doActivateExtension vscode.git {"startup":true,"activationEvent":"*"}
[2019-08-29 08:50:12.956] [exthost] [info] ExtensionService#loadCommonJSModule /snap/code/13/usr/share/code/resources/app/extensions/git/dist/main
[2019-08-29 08:50:13.080] [exthost] [info] ExtensionService#_doActivateExtension vscode.merge-conflict {"startup":true,"activationEvent":"*"}
[2019-08-29 08:50:13.080] [exthost] [info] ExtensionService#loadCommonJSModule /snap/code/13/usr/share/code/resources/app/extensions/merge-conflict/dist/extension
[2019-08-29 08:50:13.090] [exthost] [info] ExtensionService#_doActivateExtension HookyQR.beautify {"startup":true,"activationEvent":"*"}
[2019-08-29 08:50:13.090] [exthost] [info] ExtensionService#loadCommonJSModule /home/antony/.vscode/extensions/hookyqr.beautify-1.5.0/extension
[2019-08-29 08:50:13.161] [exthost] [info] eager extensions activated
[2019-08-29 08:50:17.780] [exthost] [info] ExtensionService#_doActivateExtension vscode.html-language-features {"startup":false,"activationEvent":"onLanguage:html"}
[2019-08-29 08:50:17.780] [exthost] [info] ExtensionService#loadCommonJSModule /snap/code/13/usr/share/code/resources/app/extensions/html-language-features/client/dist/htmlMain
[2019-08-29 08:51:10.055] [exthost] [info] ExtensionService#_doActivateExtension vscode.css-language-features {"startup":false,"activationEvent":"onLanguage:css"}
[2019-08-29 08:51:10.055] [exthost] [info] ExtensionService#loadCommonJSModule /snap/code/13/usr/share/code/resources/app/extensions/css-language-features/client/dist/cssMain
